0 info it worked if it ends with ok
1 verbose cli [ '/usr/local/bin/node', '/usr/local/bin/npm', 'run', 'build' ]
2 info using npm@3.10.5
3 info using node@v6.3.0
4 verbose run-script [ 'prebuild', 'build', 'postbuild' ]
5 info lifecycle react-native-dialogbox@0.7.0~prebuild: react-native-dialogbox@0.7.0
6 verbose lifecycle react-native-dialogbox@0.7.0~prebuild: unsafe-perm in lifecycle true
7 verbose lifecycle react-native-dialogbox@0.7.0~prebuild: PATH: /usr/local/lib/node_modules/npm/bin/node-gyp-bin:/Volumes/Storage/dev/Cinecove/react-native-dialogbox/node_modules/.bin:/usr/local/bin:/Users/vfrench/.rvm/gems/ruby-2.1.1/bin:/Users/vfrench/.rvm/gems/ruby-2.1.1@global/bin:/Users/vfrench/.rvm/rubies/ruby-2.1.1/bin:/usr/local/bin:/usr/bin:/bin:/usr/sbin:/sbin:/usr/bin:/bin:/usr/sbin:/sbin:/usr/local/bin:/usr/share/git-tf:/opt/X11/bin:/usr/local/git/bin:/usr/local/MacGPG2/bin:/usr/local/bin:/usr/local/lib/node_modules:/usr/local/bin:/usr/bin:/bin:/usr/sbin:/sbin:/usr/bin:/bin:/usr/sbin:/sbin:/usr/local/bin:/usr/share/git-tf:/opt/X11/bin:/usr/local/git/bin:/usr/local/MacGPG2/bin:~/Library/Android/sdk/tools:~/Library/Android/sdk/platform-tools:/usr/local/bin/mongo:/Users/vfrench/Library/Android/sdk/tools:/Users/vfrench/Library/Android/sdk/platform-tools:/Users/vfrench/.rvm/bin
8 verbose lifecycle react-native-dialogbox@0.7.0~prebuild: CWD: /Volumes/Storage/dev/Cinecove/react-native-dialogbox
9 silly lifecycle react-native-dialogbox@0.7.0~prebuild: Args: [ '-c', 'eslint lib test' ]
10 silly lifecycle react-native-dialogbox@0.7.0~prebuild: Returned: code: 1  signal: null
11 info lifecycle react-native-dialogbox@0.7.0~prebuild: Failed to exec prebuild script
12 verbose stack Error: react-native-dialogbox@0.7.0 prebuild: `eslint lib test`
12 verbose stack Exit status 1
12 verbose stack     at EventEmitter.<anonymous> (/usr/local/lib/node_modules/npm/lib/utils/lifecycle.js:242:16)
12 verbose stack     at emitTwo (events.js:106:13)
12 verbose stack     at EventEmitter.emit (events.js:191:7)
12 verbose stack     at ChildProcess.<anonymous> (/usr/local/lib/node_modules/npm/lib/utils/spawn.js:40:14)
12 verbose stack     at emitTwo (events.js:106:13)
12 verbose stack     at ChildProcess.emit (events.js:191:7)
12 verbose stack     at maybeClose (internal/child_process.js:852:16)
12 verbose stack     at Process.ChildProcess._handle.onexit (internal/child_process.js:215:5)
13 verbose pkgid react-native-dialogbox@0.7.0
14 verbose cwd /Volumes/Storage/dev/Cinecove/react-native-dialogbox
15 error Darwin 15.6.0
16 error argv "/usr/local/bin/node" "/usr/local/bin/npm" "run" "build"
17 error node v6.3.0
18 error npm  v3.10.5
19 error code ELIFECYCLE
20 error react-native-dialogbox@0.7.0 prebuild: `eslint lib test`
20 error Exit status 1
21 error Failed at the react-native-dialogbox@0.7.0 prebuild script 'eslint lib test'.
21 error Make sure you have the latest version of node.js and npm installed.
21 error If you do, this is most likely a problem with the react-native-dialogbox package,
21 error not with npm itself.
21 error Tell the author that this fails on your system:
21 error     eslint lib test
21 error You can get information on how to open an issue for this project with:
21 error     npm bugs react-native-dialogbox
21 error Or if that isn't available, you can get their info via:
21 error     npm owner ls react-native-dialogbox
21 error There is likely additional logging output above.
22 verbose exit [ 1, true ]
